<?xml version="1.0" encoding="UTF-8"?>
<Site BuildName="(empty)"
	BuildStamp="20260517-0737-Experimental"
	Name="(empty)"
	Generator="ctest-3.31.0"
	CompilerName=""
	CompilerVersion=""
	OSName="Windows"
	Hostname="NO-GOOD-NO-BAD"
	OSRelease=" Personal"
	OSVersion=" (Build 26200)"
	OSPlatform="AMD64"
	Is64Bits="1"
	VendorString="GenuineIntel"
	VendorID="Intel Corporation"
	FamilyID="6"
	ModelID="10"
	ModelName=""
	ProcessorCacheSize="-1"
	NumberOfLogicalCPU="18"
	NumberOfPhysicalCPU="14"
	TotalVirtualMemory="28381"
	TotalPhysicalMemory="24029"
	LogicalProcessorsPerPhysical="1"
	ProcessorClockFrequency="2995"
	>
	<Testing>
		<StartDateTime>May 17 16:12 中国标准时间</StartDateTime>
		<StartTestTime>1779005527</StartTestTime>
		<TestList/>
		<EndDateTime>May 17 16:12 中国标准时间</EndDateTime>
		<EndTestTime>1779005527</EndTestTime>
		<ElapsedMinutes>0</ElapsedMinutes>
	</Testing>
</Site>
